<?xml version="1.0" encoding="UTF-8"?>
<testsuite xmlns:xsi="http://www.w3.org/2001/XMLSchema-instance" xsi:noNamespaceSchemaLocation="https://maven.apache.org/surefire/maven-surefire-plugin/xsd/surefire-test-report-3.0.xsd" version="3.0" name="junitstuff.libTest" time="0.161" tests="5" errors="0" skipped="0" failures="0">
  <properties>
[...]
</properties>
  <testcase name="testCheckout" classname="junitstuff.libTest" time="0.014"/>
  <testcase name="testAddBook" classname="junitstuff.libTest" time="0.0"/>
  <testcase name="testCheckBookStatus" classname="junitstuff.libTest" time="0.019">
    <system-out><![CDATA[Book is on shelf it has been checked out this much 0
]]></system-out>
  </testcase>
  <testcase name="testReturnBook" classname="junitstuff.libTest" time="0.0"/>
  <testcase name="testGetTotalBooks" classname="junitstuff.libTest" time="0.003">
    <system-out><![CDATA[Total books: 1
]]></system-out>
  </testcase>
</testsuite>